<?xml version="1.0" encoding="UTF-8"?>
<!-- Generated by org.testng.reporters.JUnitXMLReporter -->
<testsuite ignored="0" hostname="Soumalya" failures="0" tests="23" name="Capstone_Tests" time="129.311" errors="0" timestamp="2025-09-06T18:42:51 IST">
  <testcase classname="tests.AddToCartTest" name="testAddToCart" time="10.864"/>
  <testcase classname="tests.AllItemsTest" name="verifyAllItemsClickable" time="1.208"/>
  <testcase classname="tests.CartTest" name="testAddAndRemoveFromCart" time="7.026"/>
  <testcase classname="tests.CheckoutTest" name="verifyCheckoutFlow" time="1.597"/>
  <testcase classname="tests.LoginTest" name="testLogin" time="0.59"/>
  <testcase classname="tests.LoginTest" name="testLogin" time="0.6"/>
  <testcase classname="tests.LoginTest" name="testLogin" time="0.694"/>
  <testcase classname="tests.LoginTest" name="testLogin" time="5.597"/>
  <testcase classname="tests.LoginTest" name="testLogin" time="0.698"/>
  <testcase classname="tests.LoginTest" name="testLogin" time="0.655"/>
  <testcase classname="tests.LoginTest" name="testLogin" time="0.529"/>
  <testcase classname="tests.LoginTest" name="testLogin" time="0.598"/>
  <testcase classname="tests.LoginTest" name="testLogin" time="0.754"/>
  <testcase classname="tests.LoginTest" name="testLogin" time="0.553"/>
  <testcase classname="tests.LoginTest" name="testLogin" time="0.599"/>
  <testcase classname="tests.LogoutTest" name="testLogout" time="1.476"/>
  <testcase classname="tests.MenuNavigationTest" name="verifyMenuButtonClickable" time="1.182"/>
  <testcase classname="tests.MenuOptionsTest" name="verifyAboutLink" time="24.606"/>
  <testcase classname="tests.MenuOptionsTest" name="verifyResetAppState" time="1.506"/>
  <testcase classname="tests.SortingTest" name="verifySortByNameAscending" time="1.352"/>
  <testcase classname="tests.SortingTest" name="verifySortByNameDescending" time="1.377"/>
  <testcase classname="tests.SortingTest" name="verifySortByPriceHighToLow" time="1.344"/>
  <testcase classname="tests.SortingTest" name="verifySortByPriceLowToHigh" time="1.366"/>
</testsuite> <!-- Capstone_Tests -->
