<?xml version="1.0" encoding="UTF-8"?>
<testng-results ignored="0" total="23" passed="23" failed="0" skipped="0">
  <reporter-output>
  </reporter-output>
  <suite started-at="2025-09-06T18:40:42 IST" name="Capstone_Suite" finished-at="2025-09-06T18:42:51 IST" duration-ms="129311">
    <groups>
    </groups>
    <test started-at="2025-09-06T18:40:42 IST" name="Capstone_Tests" finished-at="2025-09-06T18:42:51 IST" duration-ms="129311">
      <class name="tests.LoginTest">
        <test-method is-config="true" signature="setUp()[pri:0, instance:tests.LoginTest@bccb269]" started-at="2025-09-06T18:41:16 IST" name="setUp" finished-at="2025-09-06T18:41:18 IST" duration-ms="2115" status="PASS">
          <reporter-output>
          </reporter-output>
        </test-method> <!-- setUp -->
        <test-method signature="testLogin(java.lang.String,java.lang.String,boolean,java.lang.String)[pri:0, instance:tests.LoginTest@bccb269]" started-at="2025-09-06T18:41:18 IST" name="testLogin" data-provider="loginData" finished-at="2025-09-06T18:41:19 IST" duration-ms="590" status="PASS">
          <params>
            <param index="0">
              <value>
                <![CDATA[standard_user]]>
              </value>
            </param>
            <param index="1">
              <value>
                <![CDATA[secret_sauce]]>
              </value>
            </param>
            <param index="2">
              <value>
                <![CDATA[true]]>
              </value>
            </param>
            <param index="3">
              <value>
                <![CDATA[]]>
              </value>
            </param>
          </params>
          <reporter-output>
          </reporter-output>
        </test-method> <!-- testLogin -->
        <test-method is-config="true" signature="tearDown()[pri:0, instance:tests.LoginTest@bccb269]" started-at="2025-09-06T18:41:19 IST" name="tearDown" finished-at="2025-09-06T18:41:19 IST" duration-ms="219" status="PASS">
          <reporter-output>
          </reporter-output>
        </test-method> <!-- tearDown -->
        <test-method is-config="true" signature="setUp()[pri:0, instance:tests.LoginTest@bccb269]" started-at="2025-09-06T18:41:19 IST" name="setUp" finished-at="2025-09-06T18:41:22 IST" duration-ms="2958" status="PASS">
          <reporter-output>
          </reporter-output>
        </test-method> <!-- setUp -->
        <test-method signature="testLogin(java.lang.String,java.lang.String,boolean,java.lang.String)[pri:0, instance:tests.LoginTest@bccb269]" started-at="2025-09-06T18:41:22 IST" name="testLogin" data-provider="loginData" finished-at="2025-09-06T18:41:23 IST" duration-ms="600" status="PASS">
          <params>
            <param index="0">
              <value>
                <![CDATA[locked_out_user]]>
              </value>
            </param>
            <param index="1">
              <value>
                <![CDATA[secret_sauce]]>
              </value>
            </param>
            <param index="2">
              <value>
                <![CDATA[false]]>
              </value>
            </param>
            <param index="3">
              <value>
                <![CDATA[Epic sadface: Sorry, this user has been locked out.]]>
              </value>
            </param>
          </params>
          <reporter-output>
          </reporter-output>
        </test-method> <!-- testLogin -->
        <test-method is-config="true" signature="tearDown()[pri:0, instance:tests.LoginTest@bccb269]" started-at="2025-09-06T18:41:23 IST" name="tearDown" finished-at="2025-09-06T18:41:23 IST" duration-ms="222" status="PASS">
          <reporter-output>
          </reporter-output>
        </test-method> <!-- tearDown -->
        <test-method is-config="true" signature="setUp()[pri:0, instance:tests.LoginTest@bccb269]" started-at="2025-09-06T18:41:23 IST" name="setUp" finished-at="2025-09-06T18:41:25 IST" duration-ms="2081" status="PASS">
          <reporter-output>
          </reporter-output>
        </test-method> <!-- setUp -->
        <test-method signature="testLogin(java.lang.String,java.lang.String,boolean,java.lang.String)[pri:0, instance:tests.LoginTest@bccb269]" started-at="2025-09-06T18:41:25 IST" name="testLogin" data-provider="loginData" finished-at="2025-09-06T18:41:26 IST" duration-ms="694" status="PASS">
          <params>
            <param index="0">
              <value>
                <![CDATA[problem_user]]>
              </value>
            </param>
            <param index="1">
              <value>
                <![CDATA[secret_sauce]]>
              </value>
            </param>
            <param index="2">
              <value>
                <![CDATA[true]]>
              </value>
            </param>
            <param index="3">
              <value>
                <![CDATA[]]>
              </value>
            </param>
          </params>
          <reporter-output>
          </reporter-output>
        </test-method> <!-- testLogin -->
        <test-method is-config="true" signature="tearDown()[pri:0, instance:tests.LoginTest@bccb269]" started-at="2025-09-06T18:41:26 IST" name="tearDown" finished-at="2025-09-06T18:41:26 IST" duration-ms="227" status="PASS">
          <reporter-output>
          </reporter-output>
        </test-method> <!-- tearDown -->
        <test-method is-config="true" signature="setUp()[pri:0, instance:tests.LoginTest@bccb269]" started-at="2025-09-06T18:41:26 IST" name="setUp" finished-at="2025-09-06T18:41:28 IST" duration-ms="2181" status="PASS">
          <reporter-output>
          </reporter-output>
        </test-method> <!-- setUp -->
        <test-method signature="testLogin(java.lang.String,java.lang.String,boolean,java.lang.String)[pri:0, instance:tests.LoginTest@bccb269]" started-at="2025-09-06T18:41:28 IST" name="testLogin" data-provider="loginData" finished-at="2025-09-06T18:41:34 IST" duration-ms="5597" status="PASS">
          <params>
            <param index="0">
              <value>
                <![CDATA[performance_glitch_user]]>
              </value>
            </param>
            <param index="1">
              <value>
                <![CDATA[secret_sauce]]>
              </value>
            </param>
            <param index="2">
              <value>
                <![CDATA[true]]>
              </value>
            </param>
            <param index="3">
              <value>
                <![CDATA[]]>
              </value>
            </param>
          </params>
          <reporter-output>
          </reporter-output>
        </test-method> <!-- testLogin -->
        <test-method is-config="true" signature="tearDown()[pri:0, instance:tests.LoginTest@bccb269]" started-at="2025-09-06T18:41:34 IST" name="tearDown" finished-at="2025-09-06T18:41:34 IST" duration-ms="222" status="PASS">
          <reporter-output>
          </reporter-output>
        </test-method> <!-- tearDown -->
        <test-method is-config="true" signature="setUp()[pri:0, instance:tests.LoginTest@bccb269]" started-at="2025-09-06T18:41:34 IST" name="setUp" finished-at="2025-09-06T18:41:36 IST" duration-ms="2210" status="PASS">
          <reporter-output>
          </reporter-output>
        </test-method> <!-- setUp -->
        <test-method signature="testLogin(java.lang.String,java.lang.String,boolean,java.lang.String)[pri:0, instance:tests.LoginTest@bccb269]" started-at="2025-09-06T18:41:36 IST" name="testLogin" data-provider="loginData" finished-at="2025-09-06T18:41:37 IST" duration-ms="698" status="PASS">
          <params>
            <param index="0">
              <value>
                <![CDATA[error_user]]>
              </value>
            </param>
            <param index="1">
              <value>
                <![CDATA[secret_sauce]]>
              </value>
            </param>
            <param index="2">
              <value>
                <![CDATA[true]]>
              </value>
            </param>
            <param index="3">
              <value>
                <![CDATA[]]>
              </value>
            </param>
          </params>
          <reporter-output>
          </reporter-output>
        </test-method> <!-- testLogin -->
        <test-method is-config="true" signature="tearDown()[pri:0, instance:tests.LoginTest@bccb269]" started-at="2025-09-06T18:41:37 IST" name="tearDown" finished-at="2025-09-06T18:41:37 IST" duration-ms="188" status="PASS">
          <reporter-output>
          </reporter-output>
        </test-method> <!-- tearDown -->
        <test-method is-config="true" signature="setUp()[pri:0, instance:tests.LoginTest@bccb269]" started-at="2025-09-06T18:41:37 IST" name="setUp" finished-at="2025-09-06T18:41:39 IST" duration-ms="2228" status="PASS">
          <reporter-output>
          </reporter-output>
        </test-method> <!-- setUp -->
        <test-method signature="testLogin(java.lang.String,java.lang.String,boolean,java.lang.String)[pri:0, instance:tests.LoginTest@bccb269]" started-at="2025-09-06T18:41:39 IST" name="testLogin" data-provider="loginData" finished-at="2025-09-06T18:41:40 IST" duration-ms="655" status="PASS">
          <params>
            <param index="0">
              <value>
                <![CDATA[visual_user]]>
              </value>
            </param>
            <param index="1">
              <value>
                <![CDATA[secret_sauce]]>
              </value>
            </param>
            <param index="2">
              <value>
                <![CDATA[true]]>
              </value>
            </param>
            <param index="3">
              <value>
                <![CDATA[]]>
              </value>
            </param>
          </params>
          <reporter-output>
          </reporter-output>
        </test-method> <!-- testLogin -->
        <test-method is-config="true" signature="tearDown()[pri:0, instance:tests.LoginTest@bccb269]" started-at="2025-09-06T18:41:40 IST" name="tearDown" finished-at="2025-09-06T18:41:40 IST" duration-ms="181" status="PASS">
          <reporter-output>
          </reporter-output>
        </test-method> <!-- tearDown -->
        <test-method is-config="true" signature="setUp()[pri:0, instance:tests.LoginTest@bccb269]" started-at="2025-09-06T18:41:40 IST" name="setUp" finished-at="2025-09-06T18:41:42 IST" duration-ms="2076" status="PASS">
          <reporter-output>
          </reporter-output>
        </test-method> <!-- setUp -->
        <test-method signature="testLogin(java.lang.String,java.lang.String,boolean,java.lang.String)[pri:0, instance:tests.LoginTest@bccb269]" started-at="2025-09-06T18:41:42 IST" name="testLogin" data-provider="loginData" finished-at="2025-09-06T18:41:43 IST" duration-ms="529" status="PASS">
          <params>
            <param index="0">
              <value>
                <![CDATA[standard_user]]>
              </value>
            </param>
            <param index="1">
              <value>
                <![CDATA[wrong_pass]]>
              </value>
            </param>
            <param index="2">
              <value>
                <![CDATA[false]]>
              </value>
            </param>
            <param index="3">
              <value>
                <![CDATA[Epic sadface: Username and password do not match any user in this service]]>
              </value>
            </param>
          </params>
          <reporter-output>
          </reporter-output>
        </test-method> <!-- testLogin -->
        <test-method is-config="true" signature="tearDown()[pri:0, instance:tests.LoginTest@bccb269]" started-at="2025-09-06T18:41:43 IST" name="tearDown" finished-at="2025-09-06T18:41:43 IST" duration-ms="195" status="PASS">
          <reporter-output>
          </reporter-output>
        </test-method> <!-- tearDown -->
        <test-method is-config="true" signature="setUp()[pri:0, instance:tests.LoginTest@bccb269]" started-at="2025-09-06T18:41:43 IST" name="setUp" finished-at="2025-09-06T18:41:45 IST" duration-ms="2059" status="PASS">
          <reporter-output>
          </reporter-output>
        </test-method> <!-- setUp -->
        <test-method signature="testLogin(java.lang.String,java.lang.String,boolean,java.lang.String)[pri:0, instance:tests.LoginTest@bccb269]" started-at="2025-09-06T18:41:45 IST" name="testLogin" data-provider="loginData" finished-at="2025-09-06T18:41:46 IST" duration-ms="598" status="PASS">
          <params>
            <param index="0">
              <value>
                <![CDATA[invalid_user]]>
              </value>
            </param>
            <param index="1">
              <value>
                <![CDATA[secret_sauce]]>
              </value>
            </param>
            <param index="2">
              <value>
                <![CDATA[false]]>
              </value>
            </param>
            <param index="3">
              <value>
                <![CDATA[Epic sadface: Username and password do not match any user in this service]]>
              </value>
            </param>
          </params>
          <reporter-output>
          </reporter-output>
        </test-method> <!-- testLogin -->
        <test-method is-config="true" signature="tearDown()[pri:0, instance:tests.LoginTest@bccb269]" started-at="2025-09-06T18:41:46 IST" name="tearDown" finished-at="2025-09-06T18:41:46 IST" duration-ms="227" status="PASS">
          <reporter-output>
          </reporter-output>
        </test-method> <!-- tearDown -->
        <test-method is-config="true" signature="setUp()[pri:0, instance:tests.LoginTest@bccb269]" started-at="2025-09-06T18:41:46 IST" name="setUp" finished-at="2025-09-06T18:41:48 IST" duration-ms="2201" status="PASS">
          <reporter-output>
          </reporter-output>
        </test-method> <!-- setUp -->
        <test-method signature="testLogin(java.lang.String,java.lang.String,boolean,java.lang.String)[pri:0, instance:tests.LoginTest@bccb269]" started-at="2025-09-06T18:41:48 IST" name="testLogin" data-provider="loginData" finished-at="2025-09-06T18:41:49 IST" duration-ms="754" status="PASS">
          <params>
            <param index="0">
              <value>
                <![CDATA[]]>
              </value>
            </param>
            <param index="1">
              <value>
                <![CDATA[secret_sauce]]>
              </value>
            </param>
            <param index="2">
              <value>
                <![CDATA[false]]>
              </value>
            </param>
            <param index="3">
              <value>
                <![CDATA[Epic sadface: Username is required]]>
              </value>
            </param>
          </params>
          <reporter-output>
          </reporter-output>
        </test-method> <!-- testLogin -->
        <test-method is-config="true" signature="tearDown()[pri:0, instance:tests.LoginTest@bccb269]" started-at="2025-09-06T18:41:49 IST" name="tearDown" finished-at="2025-09-06T18:41:49 IST" duration-ms="226" status="PASS">
          <reporter-output>
          </reporter-output>
        </test-method> <!-- tearDown -->
        <test-method is-config="true" signature="setUp()[pri:0, instance:tests.LoginTest@bccb269]" started-at="2025-09-06T18:41:49 IST" name="setUp" finished-at="2025-09-06T18:41:51 IST" duration-ms="2197" status="PASS">
          <reporter-output>
          </reporter-output>
        </test-method> <!-- setUp -->
        <test-method signature="testLogin(java.lang.String,java.lang.String,boolean,java.lang.String)[pri:0, instance:tests.LoginTest@bccb269]" started-at="2025-09-06T18:41:51 IST" name="testLogin" data-provider="loginData" finished-at="2025-09-06T18:41:52 IST" duration-ms="553" status="PASS">
          <params>
            <param index="0">
              <value>
                <![CDATA[standard_user]]>
              </value>
            </param>
            <param index="1">
              <value>
                <![CDATA[]]>
              </value>
            </param>
            <param index="2">
              <value>
                <![CDATA[false]]>
              </value>
            </param>
            <param index="3">
              <value>
                <![CDATA[Epic sadface: Password is required]]>
              </value>
            </param>
          </params>
          <reporter-output>
          </reporter-output>
        </test-method> <!-- testLogin -->
        <test-method is-config="true" signature="tearDown()[pri:0, instance:tests.LoginTest@bccb269]" started-at="2025-09-06T18:41:52 IST" name="tearDown" finished-at="2025-09-06T18:41:52 IST" duration-ms="240" status="PASS">
          <reporter-output>
          </reporter-output>
        </test-method> <!-- tearDown -->
        <test-method is-config="true" signature="setUp()[pri:0, instance:tests.LoginTest@bccb269]" started-at="2025-09-06T18:41:52 IST" name="setUp" finished-at="2025-09-06T18:41:54 IST" duration-ms="2188" status="PASS">
          <reporter-output>
          </reporter-output>
        </test-method> <!-- setUp -->
        <test-method signature="testLogin(java.lang.String,java.lang.String,boolean,java.lang.String)[pri:0, instance:tests.LoginTest@bccb269]" started-at="2025-09-06T18:41:54 IST" name="testLogin" data-provider="loginData" finished-at="2025-09-06T18:41:55 IST" duration-ms="599" status="PASS">
          <params>
            <param index="0">
              <value>
                <![CDATA[]]>
              </value>
            </param>
            <param index="1">
              <value>
                <![CDATA[]]>
              </value>
            </param>
            <param index="2">
              <value>
                <![CDATA[false]]>
              </value>
            </param>
            <param index="3">
              <value>
                <![CDATA[Epic sadface: Username is required]]>
              </value>
            </param>
          </params>
          <reporter-output>
          </reporter-output>
        </test-method> <!-- testLogin -->
        <test-method is-config="true" signature="tearDown()[pri:0, instance:tests.LoginTest@bccb269]" started-at="2025-09-06T18:41:55 IST" name="tearDown" finished-at="2025-09-06T18:41:55 IST" duration-ms="212" status="PASS">
          <reporter-output>
          </reporter-output>
        </test-method> <!-- tearDown -->
      </class> <!-- tests.LoginTest -->
      <class name="tests.AllItemsTest">
        <test-method is-config="true" signature="setUp()[pri:0, instance:tests.AllItemsTest@305b7c14]" started-at="2025-09-06T18:40:58 IST" name="setUp" finished-at="2025-09-06T18:41:01 IST" duration-ms="2909" status="PASS">
          <reporter-output>
          </reporter-output>
        </test-method> <!-- setUp -->
        <test-method signature="verifyAllItemsClickable()[pri:0, instance:tests.AllItemsTest@305b7c14]" started-at="2025-09-06T18:41:01 IST" name="verifyAllItemsClickable" finished-at="2025-09-06T18:41:03 IST" duration-ms="1208" status="PASS">
          <reporter-output>
          </reporter-output>
        </test-method> <!-- verifyAllItemsClickable -->
        <test-method is-config="true" signature="tearDown()[pri:0, instance:tests.AllItemsTest@305b7c14]" started-at="2025-09-06T18:41:03 IST" name="tearDown" finished-at="2025-09-06T18:41:03 IST" duration-ms="272" status="PASS">
          <reporter-output>
          </reporter-output>
        </test-method> <!-- tearDown -->
      </class> <!-- tests.AllItemsTest -->
      <class name="tests.MenuOptionsTest">
        <test-method is-config="true" signature="setUp()[pri:0, instance:tests.MenuOptionsTest@7d8704ef]" started-at="2025-09-06T18:42:03 IST" name="setUp" finished-at="2025-09-06T18:42:05 IST" duration-ms="2037" status="PASS">
          <reporter-output>
          </reporter-output>
        </test-method> <!-- setUp -->
        <test-method signature="verifyAboutLink()[pri:0, instance:tests.MenuOptionsTest@7d8704ef]" started-at="2025-09-06T18:42:05 IST" name="verifyAboutLink" finished-at="2025-09-06T18:42:29 IST" duration-ms="24606" status="PASS">
          <reporter-output>
          </reporter-output>
        </test-method> <!-- verifyAboutLink -->
        <test-method is-config="true" signature="tearDown()[pri:0, instance:tests.MenuOptionsTest@7d8704ef]" started-at="2025-09-06T18:42:29 IST" name="tearDown" finished-at="2025-09-06T18:42:29 IST" duration-ms="287" status="PASS">
          <reporter-output>
          </reporter-output>
        </test-method> <!-- tearDown -->
        <test-method is-config="true" signature="setUp()[pri:0, instance:tests.MenuOptionsTest@7d8704ef]" started-at="2025-09-06T18:42:29 IST" name="setUp" finished-at="2025-09-06T18:42:32 IST" duration-ms="2393" status="PASS">
          <reporter-output>
          </reporter-output>
        </test-method> <!-- setUp -->
        <test-method signature="verifyResetAppState()[pri:0, instance:tests.MenuOptionsTest@7d8704ef]" started-at="2025-09-06T18:42:32 IST" name="verifyResetAppState" finished-at="2025-09-06T18:42:33 IST" duration-ms="1506" status="PASS">
          <reporter-output>
          </reporter-output>
        </test-method> <!-- verifyResetAppState -->
        <test-method is-config="true" signature="tearDown()[pri:0, instance:tests.MenuOptionsTest@7d8704ef]" started-at="2025-09-06T18:42:33 IST" name="tearDown" finished-at="2025-09-06T18:42:34 IST" duration-ms="277" status="PASS">
          <reporter-output>
          </reporter-output>
        </test-method> <!-- tearDown -->
      </class> <!-- tests.MenuOptionsTest -->
      <class name="tests.AddToCartTest">
        <test-method is-config="true" signature="setUp()[pri:0, instance:tests.AddToCartTest@4b2bac3f]" started-at="2025-09-06T18:40:42 IST" name="setUp" finished-at="2025-09-06T18:40:47 IST" duration-ms="5306" status="PASS">
          <reporter-output>
          </reporter-output>
        </test-method> <!-- setUp -->
        <test-method signature="testAddToCart()[pri:0, instance:tests.AddToCartTest@4b2bac3f]" started-at="2025-09-06T18:40:47 IST" name="testAddToCart" finished-at="2025-09-06T18:40:58 IST" duration-ms="10864" status="PASS">
          <reporter-output>
          </reporter-output>
        </test-method> <!-- testAddToCart -->
        <test-method is-config="true" signature="tearDown()[pri:0, instance:tests.AddToCartTest@4b2bac3f]" started-at="2025-09-06T18:40:58 IST" name="tearDown" finished-at="2025-09-06T18:40:58 IST" duration-ms="233" status="PASS">
          <reporter-output>
          </reporter-output>
        </test-method> <!-- tearDown -->
      </class> <!-- tests.AddToCartTest -->
      <class name="tests.CartTest">
        <test-method is-config="true" signature="setUp()[pri:0, instance:tests.CartTest@6913c1fb]" started-at="2025-09-06T18:41:03 IST" name="setUp" finished-at="2025-09-06T18:41:05 IST" duration-ms="1890" status="PASS">
          <reporter-output>
          </reporter-output>
        </test-method> <!-- setUp -->
        <test-method signature="testAddAndRemoveFromCart()[pri:0, instance:tests.CartTest@6913c1fb]" started-at="2025-09-06T18:41:05 IST" name="testAddAndRemoveFromCart" finished-at="2025-09-06T18:41:12 IST" duration-ms="7026" status="PASS">
          <reporter-output>
          </reporter-output>
        </test-method> <!-- testAddAndRemoveFromCart -->
        <test-method is-config="true" signature="tearDown()[pri:0, instance:tests.CartTest@6913c1fb]" started-at="2025-09-06T18:41:12 IST" name="tearDown" finished-at="2025-09-06T18:41:12 IST" duration-ms="277" status="PASS">
          <reporter-output>
          </reporter-output>
        </test-method> <!-- tearDown -->
      </class> <!-- tests.CartTest -->
      <class name="tests.SortingTest">
        <test-method is-config="true" signature="setUp()[pri:0, instance:tests.SortingTest@13b6aecc]" started-at="2025-09-06T18:42:34 IST" name="setUp" finished-at="2025-09-06T18:42:36 IST" duration-ms="2241" status="PASS">
          <reporter-output>
          </reporter-output>
        </test-method> <!-- setUp -->
        <test-method is-config="true" signature="setupTest()[pri:0, instance:tests.SortingTest@13b6aecc]" started-at="2025-09-06T18:42:36 IST" name="setupTest" finished-at="2025-09-06T18:42:37 IST" duration-ms="690" status="PASS">
          <reporter-output>
          </reporter-output>
        </test-method> <!-- setupTest -->
        <test-method signature="verifySortByNameAscending()[pri:0, instance:tests.SortingTest@13b6aecc]" started-at="2025-09-06T18:42:37 IST" name="verifySortByNameAscending" finished-at="2025-09-06T18:42:38 IST" duration-ms="1352" status="PASS">
          <reporter-output>
          </reporter-output>
        </test-method> <!-- verifySortByNameAscending -->
        <test-method is-config="true" signature="tearDown()[pri:0, instance:tests.SortingTest@13b6aecc]" started-at="2025-09-06T18:42:38 IST" name="tearDown" finished-at="2025-09-06T18:42:38 IST" duration-ms="257" status="PASS">
          <reporter-output>
          </reporter-output>
        </test-method> <!-- tearDown -->
        <test-method is-config="true" signature="setUp()[pri:0, instance:tests.SortingTest@13b6aecc]" started-at="2025-09-06T18:42:38 IST" name="setUp" finished-at="2025-09-06T18:42:40 IST" duration-ms="2244" status="PASS">
          <reporter-output>
          </reporter-output>
        </test-method> <!-- setUp -->
        <test-method is-config="true" signature="setupTest()[pri:0, instance:tests.SortingTest@13b6aecc]" started-at="2025-09-06T18:42:40 IST" name="setupTest" finished-at="2025-09-06T18:42:41 IST" duration-ms="543" status="PASS">
          <reporter-output>
          </reporter-output>
        </test-method> <!-- setupTest -->
        <test-method signature="verifySortByNameDescending()[pri:0, instance:tests.SortingTest@13b6aecc]" started-at="2025-09-06T18:42:41 IST" name="verifySortByNameDescending" finished-at="2025-09-06T18:42:42 IST" duration-ms="1377" status="PASS">
          <reporter-output>
          </reporter-output>
        </test-method> <!-- verifySortByNameDescending -->
        <test-method is-config="true" signature="tearDown()[pri:0, instance:tests.SortingTest@13b6aecc]" started-at="2025-09-06T18:42:42 IST" name="tearDown" finished-at="2025-09-06T18:42:43 IST" duration-ms="222" status="PASS">
          <reporter-output>
          </reporter-output>
        </test-method> <!-- tearDown -->
        <test-method is-config="true" signature="setUp()[pri:0, instance:tests.SortingTest@13b6aecc]" started-at="2025-09-06T18:42:43 IST" name="setUp" finished-at="2025-09-06T18:42:45 IST" duration-ms="2220" status="PASS">
          <reporter-output>
          </reporter-output>
        </test-method> <!-- setUp -->
        <test-method is-config="true" signature="setupTest()[pri:0, instance:tests.SortingTest@13b6aecc]" started-at="2025-09-06T18:42:45 IST" name="setupTest" finished-at="2025-09-06T18:42:45 IST" duration-ms="628" status="PASS">
          <reporter-output>
          </reporter-output>
        </test-method> <!-- setupTest -->
        <test-method signature="verifySortByPriceHighToLow()[pri:0, instance:tests.SortingTest@13b6aecc]" started-at="2025-09-06T18:42:45 IST" name="verifySortByPriceHighToLow" finished-at="2025-09-06T18:42:47 IST" duration-ms="1344" status="PASS">
          <reporter-output>
          </reporter-output>
        </test-method> <!-- verifySortByPriceHighToLow -->
        <test-method is-config="true" signature="tearDown()[pri:0, instance:tests.SortingTest@13b6aecc]" started-at="2025-09-06T18:42:47 IST" name="tearDown" finished-at="2025-09-06T18:42:47 IST" duration-ms="210" status="PASS">
          <reporter-output>
          </reporter-output>
        </test-method> <!-- tearDown -->
        <test-method is-config="true" signature="setUp()[pri:0, instance:tests.SortingTest@13b6aecc]" started-at="2025-09-06T18:42:47 IST" name="setUp" finished-at="2025-09-06T18:42:49 IST" duration-ms="2200" status="PASS">
          <reporter-output>
          </reporter-output>
        </test-method> <!-- setUp -->
        <test-method is-config="true" signature="setupTest()[pri:0, instance:tests.SortingTest@13b6aecc]" started-at="2025-09-06T18:42:49 IST" name="setupTest" finished-at="2025-09-06T18:42:50 IST" duration-ms="511" status="PASS">
          <reporter-output>
          </reporter-output>
        </test-method> <!-- setupTest -->
        <test-method signature="verifySortByPriceLowToHigh()[pri:0, instance:tests.SortingTest@13b6aecc]" started-at="2025-09-06T18:42:50 IST" name="verifySortByPriceLowToHigh" finished-at="2025-09-06T18:42:51 IST" duration-ms="1366" status="PASS">
          <reporter-output>
          </reporter-output>
        </test-method> <!-- verifySortByPriceLowToHigh -->
        <test-method is-config="true" signature="tearDown()[pri:0, instance:tests.SortingTest@13b6aecc]" started-at="2025-09-06T18:42:51 IST" name="tearDown" finished-at="2025-09-06T18:42:51 IST" duration-ms="280" status="PASS">
          <reporter-output>
          </reporter-output>
        </test-method> <!-- tearDown -->
      </class> <!-- tests.SortingTest -->
      <class name="tests.CheckoutTest">
        <test-method is-config="true" signature="setUp()[pri:0, instance:tests.CheckoutTest@66d18979]" started-at="2025-09-06T18:41:12 IST" name="setUp" finished-at="2025-09-06T18:41:14 IST" duration-ms="2245" status="PASS">
          <reporter-output>
          </reporter-output>
        </test-method> <!-- setUp -->
        <test-method signature="verifyCheckoutFlow()[pri:0, instance:tests.CheckoutTest@66d18979]" started-at="2025-09-06T18:41:14 IST" name="verifyCheckoutFlow" finished-at="2025-09-06T18:41:16 IST" duration-ms="1597" status="PASS">
          <reporter-output>
          </reporter-output>
        </test-method> <!-- verifyCheckoutFlow -->
        <test-method is-config="true" signature="tearDown()[pri:0, instance:tests.CheckoutTest@66d18979]" started-at="2025-09-06T18:41:16 IST" name="tearDown" finished-at="2025-09-06T18:41:16 IST" duration-ms="233" status="PASS">
          <reporter-output>
          </reporter-output>
        </test-method> <!-- tearDown -->
      </class> <!-- tests.CheckoutTest -->
      <class name="tests.LogoutTest">
        <test-method is-config="true" signature="setUp()[pri:0, instance:tests.LogoutTest@609cd4d8]" started-at="2025-09-06T18:41:55 IST" name="setUp" finished-at="2025-09-06T18:41:57 IST" duration-ms="2265" status="PASS">
          <reporter-output>
          </reporter-output>
        </test-method> <!-- setUp -->
        <test-method signature="testLogout()[pri:0, instance:tests.LogoutTest@609cd4d8]" started-at="2025-09-06T18:41:57 IST" name="testLogout" finished-at="2025-09-06T18:41:59 IST" duration-ms="1476" status="PASS">
          <reporter-output>
          </reporter-output>
        </test-method> <!-- testLogout -->
        <test-method is-config="true" signature="tearDown()[pri:0, instance:tests.LogoutTest@609cd4d8]" started-at="2025-09-06T18:41:59 IST" name="tearDown" finished-at="2025-09-06T18:41:59 IST" duration-ms="240" status="PASS">
          <reporter-output>
          </reporter-output>
        </test-method> <!-- tearDown -->
      </class> <!-- tests.LogoutTest -->
      <class name="tests.MenuNavigationTest">
        <test-method is-config="true" signature="setUp()[pri:0, instance:tests.MenuNavigationTest@17f7cd29]" started-at="2025-09-06T18:41:59 IST" name="setUp" finished-at="2025-09-06T18:42:01 IST" duration-ms="2196" status="PASS">
          <reporter-output>
          </reporter-output>
        </test-method> <!-- setUp -->
        <test-method signature="verifyMenuButtonClickable()[pri:0, instance:tests.MenuNavigationTest@17f7cd29]" started-at="2025-09-06T18:42:01 IST" name="verifyMenuButtonClickable" finished-at="2025-09-06T18:42:02 IST" duration-ms="1182" status="PASS">
          <reporter-output>
          </reporter-output>
        </test-method> <!-- verifyMenuButtonClickable -->
        <test-method is-config="true" signature="tearDown()[pri:0, instance:tests.MenuNavigationTest@17f7cd29]" started-at="2025-09-06T18:42:02 IST" name="tearDown" finished-at="2025-09-06T18:42:03 IST" duration-ms="278" status="PASS">
          <reporter-output>
          </reporter-output>
        </test-method> <!-- tearDown -->
      </class> <!-- tests.MenuNavigationTest -->
    </test> <!-- Capstone_Tests -->
  </suite> <!-- Capstone_Suite -->
</testng-results>
