<?xml version="1.0" encoding="UTF-8"?>
<testng-results ignored="0" total="1" passed="1" failed="0" skipped="0">
  <reporter-output>
  </reporter-output>
  <suite started-at="2025-09-06T11:47:48 IST" name="Suite" finished-at="2025-09-06T11:47:48 IST" duration-ms="43">
    <groups>
    </groups>
    <test started-at="2025-09-06T11:47:48 IST" name="Test" finished-at="2025-09-06T11:47:48 IST" duration-ms="43">
      <class name="Java_Selenium.Caspstone_Project.test1">
        <test-method signature="test2()[pri:0, instance:Java_Selenium.Caspstone_Project.test1@367ffa75]" started-at="2025-09-06T11:47:48 IST" name="test2" finished-at="2025-09-06T11:47:48 IST" duration-ms="8" status="PASS">
          <reporter-output>
          </reporter-output>
        </test-method> <!-- test2 -->
      </class> <!-- Java_Selenium.Caspstone_Project.test1 -->
    </test> <!-- Test -->
  </suite> <!-- Suite -->
</testng-results>
